<?xml version="1.0" encoding="UTF-8"?>
<!-- Generated by org.testng.reporters.JUnitReportReporter -->
<testsuite hostname="LAPTOP-GAUPM6CM" failures="0" tests="1" name="javascriptexecutorandscreenshots.ScreenShot1" time="10.301" errors="0" timestamp="2025-03-14T19:26:11 IST" skipped="0">
  <testcase classname="javascriptexecutorandscreenshots.ScreenShot1" name="screnshotTest" time="10.301"/>
  <system-out/>
</testsuite> <!-- javascriptexecutorandscreenshots.ScreenShot1 -->
