<?xml version="1.0" encoding="UTF-8"?>
<!-- Generated by org.testng.reporters.JUnitReportReporter -->
<testsuite hostname="LAPTOP-GAUPM6CM" failures="0" tests="1" name="waits.ExplicitWaitDemoUsingWebDriverWait" time="11.848" errors="0" timestamp="2025-03-15T19:16:23 IST" skipped="0">
  <testcase classname="waits.ExplicitWaitDemoUsingWebDriverWait" name="waitsTest" time="11.848"/>
  <system-out/>
</testsuite> <!-- waits.ExplicitWaitDemoUsingWebDriverWait -->
