<?xml version="1.0" encoding="UTF-8"?>
<!-- Generated by org.testng.reporters.JUnitReportReporter -->
<testsuite hostname="LAPTOP-GAUPM6CM" failures="0" tests="1" name="webtables.DynamicWebTable1" time="38.343" errors="0" timestamp="2025-03-17T19:33:27 IST" skipped="0">
  <testcase classname="webtables.DynamicWebTable1" name="webTableTest" time="38.343"/>
  <system-out/>
</testsuite> <!-- webtables.DynamicWebTable1 -->
