<?xml version="1.0" encoding="UTF-8"?>
<!-- Generated by org.testng.reporters.JUnitReportReporter -->
<testsuite hostname="LAPTOP-GAUPM6CM" failures="0" tests="1" name="assignments.SalesForceLogin" time="20.092" errors="0" timestamp="2025-03-19T20:36:12 IST" skipped="0">
  <testcase classname="assignments.SalesForceLogin" name="salesForceLoginTest" time="20.092"/>
  <system-out/>
</testsuite> <!-- assignments.SalesForceLogin -->
