<?xml version="1.0" encoding="UTF-8"?>
<!-- Generated by org.testng.reporters.JUnitReportReporter -->
<testsuite hostname="LAPTOP-GAUPM6CM" failures="0" tests="1" name="waits.HardWait" time="13.968" errors="0" timestamp="2025-03-14T19:44:02 IST" skipped="0">
  <testcase classname="waits.HardWait" name="waitsTest" time="13.968"/>
  <system-out/>
</testsuite> <!-- waits.HardWait -->
