<?xml version="1.0" encoding="UTF-8"?>
<!-- Generated by org.testng.reporters.JUnitReportReporter -->
<testsuite hostname="LAPTOP-GAUPM6CM" failures="0" tests="1" name="assignments.Irctc2" time="56.011" errors="0" timestamp="2025-03-14T20:25:52 IST" skipped="0">
  <testcase classname="assignments.Irctc2" name="IRCTC_AssignmentTest" time="56.011"/>
  <system-out/>
</testsuite> <!-- assignments.Irctc2 -->
