<?xml version="1.0" encoding="UTF-8"?>
<!-- Generated by org.testng.reporters.JUnitReportReporter -->
<testsuite hostname="LAPTOP-GAUPM6CM" failures="0" tests="1" name="javascriptexecutorandscreenshots.JavaScriptDemo3" time="24.178" errors="0" timestamp="2025-03-13T20:02:03 IST" skipped="0">
  <testcase classname="javascriptexecutorandscreenshots.JavaScriptDemo3" name="dragAndDropTest" time="24.178"/>
  <system-out/>
</testsuite> <!-- javascriptexecutorandscreenshots.JavaScriptDemo3 -->
