<?xml version="1.0" encoding="UTF-8"?>
<!-- Generated by org.testng.reporters.JUnitReportReporter -->
<testsuite hostname="LAPTOP-GAUPM6CM" failures="0" tests="1" name="javascriptexecutorandscreenshots.ScreenShot2" time="9.480" errors="0" timestamp="2025-03-14T19:30:58 IST" skipped="0">
  <testcase classname="javascriptexecutorandscreenshots.ScreenShot2" name="screnshotTest" time="9.480"/>
  <system-out/>
</testsuite> <!-- javascriptexecutorandscreenshots.ScreenShot2 -->
