<?xml version="1.0" encoding="UTF-8"?>
<!-- Generated by org.testng.reporters.JUnitReportReporter -->
<testsuite hostname="LAPTOP-GAUPM6CM" failures="0" tests="1" name="miscellenousactions.DragAndDrop" time="10.294" errors="0" timestamp="2025-03-10T19:24:28 IST" skipped="0">
  <testcase classname="miscellenousactions.DragAndDrop" name="mouseHoverTest" time="10.294"/>
  <system-out/>
</testsuite> <!-- miscellenousactions.DragAndDrop -->
