<?xml version="1.0" encoding="UTF-8"?>
<!-- Generated by org.testng.reporters.JUnitReportReporter -->
<testsuite hostname="LAPTOP-GAUPM6CM" failures="0" tests="1" name="webtables.StaticWebTable1" time="38.243" errors="0" timestamp="2025-03-17T19:19:00 IST" skipped="0">
  <testcase classname="webtables.StaticWebTable1" name="webTableTest" time="38.243"/>
  <system-out/>
</testsuite> <!-- webtables.StaticWebTable1 -->
