<?xml version="1.0" encoding="UTF-8"?>
<!-- Generated by org.testng.reporters.JUnitReportReporter -->
<testsuite hostname="LAPTOP-GAUPM6CM" failures="0" tests="1" name="extratopics.FileUpload2" time="106.193" errors="0" timestamp="2025-03-17T20:35:55 IST" skipped="0">
  <testcase classname="extratopics.FileUpload2" name="webTableTest" time="106.193"/>
  <system-out/>
</testsuite> <!-- extratopics.FileUpload2 -->
