<?xml version="1.0" encoding="UTF-8"?>
<!-- Generated by org.testng.reporters.JUnitReportReporter -->
<testsuite hostname="LAPTOP-GAUPM6CM" failures="0" tests="1" name="waits.ImplicitWait" time="8.777" errors="0" timestamp="2025-03-14T19:52:15 IST" skipped="0">
  <testcase classname="waits.ImplicitWait" name="waitsTest" time="8.777"/>
  <system-out/>
</testsuite> <!-- waits.ImplicitWait -->
