<?xml version="1.0" encoding="UTF-8"?>
<!-- Generated by org.testng.reporters.JUnitReportReporter -->
<testsuite hostname="LAPTOP-GAUPM6CM" failures="0" tests="1" name="handlings.FrameHandling2" time="41.829" errors="0" timestamp="2025-03-12T19:41:32 IST" skipped="0">
  <testcase classname="handlings.FrameHandling2" name="dragAndDropTest" time="41.829"/>
  <system-out/>
</testsuite> <!-- handlings.FrameHandling2 -->
