<?xml version="1.0" encoding="UTF-8"?>
<!-- Generated by org.testng.reporters.JUnitReportReporter -->
<testsuite hostname="LAPTOP-GAUPM6CM" failures="0" tests="1" name="javascriptexecutorandscreenshots.JavaScriptDemo2" time="20.833" errors="0" timestamp="2025-03-13T19:55:11 IST" skipped="0">
  <testcase classname="javascriptexecutorandscreenshots.JavaScriptDemo2" name="dragAndDropTest" time="20.833"/>
  <system-out/>
</testsuite> <!-- javascriptexecutorandscreenshots.JavaScriptDemo2 -->
