<?xml version="1.0" encoding="UTF-8"?>
<!-- Generated by org.testng.reporters.JUnitReportReporter -->
<testsuite hostname="LAPTOP-GAUPM6CM" failures="0" tests="1" name="assignments.AmazonScroll" time="44.062" errors="0" timestamp="2025-03-18T16:40:34 IST" skipped="0">
  <testcase classname="assignments.AmazonScroll" name="dragAndDropTest" time="44.062"/>
  <system-out/>
</testsuite> <!-- assignments.AmazonScroll -->
