<?xml version="1.0" encoding="UTF-8"?>
<!-- Generated by org.testng.reporters.JUnitReportReporter -->
<testsuite hostname="LAPTOP-GAUPM6CM" failures="0" tests="1" name="handlings.MultipleWindowHandle4" time="24.586" errors="0" timestamp="2025-03-11T19:56:30 IST" skipped="0">
  <testcase classname="handlings.MultipleWindowHandle4" name="multipleWindowHandleTest" time="24.586"/>
  <system-out/>
</testsuite> <!-- handlings.MultipleWindowHandle4 -->
