<?xml version="1.0" encoding="UTF-8"?>
<!-- Generated by org.testng.reporters.JUnitReportReporter -->
<testsuite hostname="LAPTOP-GAUPM6CM" failures="0" tests="1" name="waits.ExplicitWaitDemoUsingFluentWait" time="10.599" errors="0" timestamp="2025-03-15T19:25:31 IST" skipped="0">
  <testcase classname="waits.ExplicitWaitDemoUsingFluentWait" name="waitsTest" time="10.599"/>
  <system-out/>
</testsuite> <!-- waits.ExplicitWaitDemoUsingFluentWait -->
