<?xml version="1.0" encoding="UTF-8"?>
<!-- Generated by org.testng.reporters.JUnitReportReporter -->
<testsuite hostname="LAPTOP-GAUPM6CM" failures="0" tests="1" name="webtables.StaticWebTable2" time="42.697" errors="0" timestamp="2025-03-17T19:24:16 IST" skipped="0">
  <testcase classname="webtables.StaticWebTable2" name="webTableTest" time="42.697"/>
  <system-out/>
</testsuite> <!-- webtables.StaticWebTable2 -->
