<?xml version="1.0" encoding="UTF-8"?>
<!-- Generated by org.testng.reporters.JUnitReportReporter -->
<testsuite hostname="LAPTOP-GAUPM6CM" failures="0" tests="1" name="handlings.MultipleWindowHandle2" time="21.299" errors="0" timestamp="2025-03-11T19:48:48 IST" skipped="0">
  <testcase classname="handlings.MultipleWindowHandle2" name="multipleWindowHandleTest" time="21.299"/>
  <system-out/>
</testsuite> <!-- handlings.MultipleWindowHandle2 -->
