<?xml version="1.0" encoding="UTF-8"?>
<!-- Generated by org.testng.reporters.JUnitReportReporter -->
<testsuite hostname="LAPTOP-GAUPM6CM" failures="0" tests="1" name="assignments.Irctc" time="63.969" errors="0" timestamp="2025-03-14T20:10:23 IST" skipped="0">
  <testcase classname="assignments.Irctc" name="IRCTC_AssignmentTest" time="63.969"/>
  <system-out/>
</testsuite> <!-- assignments.Irctc -->
