<?xml version="1.0" encoding="UTF-8"?>
<!-- Generated by org.testng.reporters.JUnitReportReporter -->
<testsuite hostname="LAPTOP-GAUPM6CM" failures="0" tests="1" name="miscellenousactions.MouseHover" time="15.263" errors="0" timestamp="2025-03-07T19:28:38 IST" skipped="0">
  <testcase classname="miscellenousactions.MouseHover" name="mouseHoverTest" time="15.263"/>
  <system-out/>
</testsuite> <!-- miscellenousactions.MouseHover -->
