<?xml version="1.0" encoding="UTF-8"?>
<!-- Generated by org.testng.reporters.JUnitReportReporter -->
<testsuite hostname="LAPTOP-GAUPM6CM" failures="0" tests="1" name="assignments.MultipleWindowHandling" time="21.124" errors="0" timestamp="2025-03-12T20:11:53 IST" skipped="0">
  <testcase classname="assignments.MultipleWindowHandling" name="multipleWindowHandling" time="21.124"/>
  <system-out/>
</testsuite> <!-- assignments.MultipleWindowHandling -->
