<?xml version="1.0" encoding="UTF-8"?>
<!-- Generated by org.testng.reporters.JUnitReportReporter -->
<testsuite hostname="LAPTOP-GAUPM6CM" failures="0" tests="1" name="handlings.MultipleWindowHandle" time="22.767" errors="0" timestamp="2025-03-11T19:43:53 IST" skipped="0">
  <testcase classname="handlings.MultipleWindowHandle" name="multipleWindowHandleTest" time="22.767"/>
  <system-out/>
</testsuite> <!-- handlings.MultipleWindowHandle -->
