<?xml version="1.0" encoding="UTF-8"?>
<!-- Generated by org.testng.reporters.JUnitReportReporter -->
<testsuite hostname="LAPTOP-GAUPM6CM" failures="0" tests="1" name="handlings.MultipleWindowHandle3" time="27.550" errors="0" timestamp="2025-03-11T19:51:52 IST" skipped="0">
  <testcase classname="handlings.MultipleWindowHandle3" name="multipleWindowHandleTest" time="27.550"/>
  <system-out/>
</testsuite> <!-- handlings.MultipleWindowHandle3 -->
