<?xml version="1.0" encoding="UTF-8"?>
<!-- Generated by org.testng.reporters.JUnitReportReporter -->
<testsuite hostname="LAPTOP-GAUPM6CM" failures="0" tests="1" name="javascriptexecutorandscreenshots.Highlight" time="13.166" errors="0" timestamp="2025-03-13T20:06:06 IST" skipped="0">
  <testcase classname="javascriptexecutorandscreenshots.Highlight" name="dragAndDropTest" time="13.166"/>
  <system-out/>
</testsuite> <!-- javascriptexecutorandscreenshots.Highlight -->
