<?xml version="1.0" encoding="UTF-8"?>
<!-- Generated by org.testng.reporters.JUnitReportReporter -->
<testsuite hostname="LAPTOP-GAUPM6CM" failures="0" tests="1" name="javascriptexecutorandscreenshots.Highlight2" time="19.042" errors="0" timestamp="2025-03-13T20:14:05 IST" skipped="0">
  <testcase classname="javascriptexecutorandscreenshots.Highlight2" name="dragAndDropTest" time="19.042"/>
  <system-out/>
</testsuite> <!-- javascriptexecutorandscreenshots.Highlight2 -->
