<?xml version="1.0" encoding="UTF-8"?>
<!-- Generated by org.testng.reporters.JUnitReportReporter -->
<testsuite hostname="LAPTOP-GAUPM6CM" failures="0" tests="4" name="testng.AdactinHotelApp" time="0.015" errors="0" timestamp="2025-03-05T19:01:23 IST" skipped="0">
  <testcase classname="testng.AdactinHotelApp" name="registrationTest" time="0.005"/>
  <system-out/>
  <testcase classname="testng.AdactinHotelApp" name="loginTest" time="0.003"/>
  <system-out/>
  <testcase classname="testng.AdactinHotelApp" name="forgotPasswordTest" time="0.003"/>
  <system-out/>
  <testcase classname="testng.AdactinHotelApp" name="changePasswordTest" time="0.004"/>
  <system-out/>
</testsuite> <!-- testng.AdactinHotelApp -->
