<?xml version="1.0" encoding="UTF-8"?>
<!-- Generated by org.testng.reporters.JUnitReportReporter -->
<testsuite hostname="LAPTOP-GAUPM6CM" failures="0" tests="1" name="handlings.MultipleWindowHandle5" time="29.117" errors="0" timestamp="2025-03-11T20:13:25 IST" skipped="0">
  <testcase classname="handlings.MultipleWindowHandle5" name="multipleWindowHandleTest" time="29.117"/>
  <system-out/>
</testsuite> <!-- handlings.MultipleWindowHandle5 -->
