<?xml version="1.0" encoding="UTF-8"?>
<!-- Generated by org.testng.reporters.JUnitReportReporter -->
<testsuite hostname="LAPTOP-GAUPM6CM" failures="0" tests="1" name="testng.TestNgDemo1" time="0.010" errors="0" timestamp="2025-03-04T19:17:16 IST" skipped="0">
  <testcase classname="testng.TestNgDemo1" name="hello" time="0.010"/>
  <system-out/>
</testsuite> <!-- testng.TestNgDemo1 -->
