<?xml version="1.0" encoding="UTF-8"?>
<!-- Generated by org.testng.reporters.JUnitReportReporter -->
<testsuite hostname="LAPTOP-GAUPM6CM" failures="0" tests="1" name="handlings.AlertHandling" time="8.266" errors="0" timestamp="2025-03-12T20:08:52 IST" skipped="0">
  <testcase classname="handlings.AlertHandling" name="alertHandleTest" time="8.266"/>
  <system-out/>
</testsuite> <!-- handlings.AlertHandling -->
