<?xml version="1.0" encoding="UTF-8"?>
<!-- Generated by org.testng.reporters.JUnitReportReporter -->
<testsuite hostname="LAPTOP-GAUPM6CM" failures="0" tests="1" name="miscellenousactions.RightClick" time="13.157" errors="0" timestamp="2025-03-10T19:43:30 IST" skipped="0">
  <testcase classname="miscellenousactions.RightClick" name="rightClickTest" time="13.157"/>
  <system-out/>
</testsuite> <!-- miscellenousactions.RightClick -->
