<?xml version="1.0" encoding="UTF-8"?>
<!-- Generated by org.testng.reporters.JUnitReportReporter -->
<testsuite hostname="LAPTOP-GAUPM6CM" failures="0" tests="1" name="assignments.A10" time="8.955" errors="0" timestamp="2025-03-11T20:24:54 IST" skipped="0">
  <testcase classname="assignments.A10" name="a10Test" time="8.955"/>
  <system-out/>
</testsuite> <!-- assignments.A10 -->
