<?xml version="1.0" encoding="UTF-8"?>
<!-- Generated by org.testng.reporters.JUnitReportReporter -->
<testsuite hostname="LAPTOP-GAUPM6CM" failures="0" tests="3" name="radiocheckwebtables.RadioButton" time="36.998" errors="0" timestamp="2025-03-15T19:43:44 IST" skipped="0">
  <testcase classname="radiocheckwebtables.RadioButton" name="radioButtonTest2" time="14.385"/>
  <system-out/>
  <testcase classname="radiocheckwebtables.RadioButton" name="radioButtonTest1" time="8.444"/>
  <system-out/>
  <testcase classname="radiocheckwebtables.RadioButton" name="radioButtonTest3" time="14.169"/>
  <system-out/>
</testsuite> <!-- radiocheckwebtables.RadioButton -->
