<?xml version="1.0" encoding="UTF-8"?>
<!-- Generated by org.testng.reporters.JUnitReportReporter -->
<testsuite hostname="LAPTOP-GAUPM6CM" failures="0" tests="1" name="assignments.RightClickPractice2" time="10.235" errors="0" timestamp="2025-03-19T05:43:38 IST" skipped="0">
  <testcase classname="assignments.RightClickPractice2" name="rightClickPra" time="10.235"/>
  <system-out/>
</testsuite> <!-- assignments.RightClickPractice2 -->
