<?xml version="1.0" encoding="UTF-8"?>
<!-- Generated by org.testng.reporters.JUnitReportReporter -->
<testsuite hostname="LAPTOP-GAUPM6CM" failures="0" tests="1" name="moretopics.FileUpload" time="115.896" errors="0" timestamp="2025-03-17T19:54:36 IST" skipped="0">
  <testcase classname="moretopics.FileUpload" name="webTableTest" time="115.896"/>
  <system-out/>
</testsuite> <!-- moretopics.FileUpload -->
