<?xml version="1.0" encoding="UTF-8"?>
<!-- Generated by org.testng.reporters.JUnitReportReporter -->
<testsuite hostname="LAPTOP-GAUPM6CM" failures="0" tests="1" name="handlings.FrameHandling" time="8.934" errors="0" timestamp="2025-03-12T19:23:43 IST" skipped="0">
  <testcase classname="handlings.FrameHandling" name="dragAndDropTest" time="8.934"/>
  <system-out/>
</testsuite> <!-- handlings.FrameHandling -->
