<?xml version="1.0" encoding="UTF-8"?>
<!-- Generated by org.testng.reporters.JUnitReportReporter -->
<testsuite hostname="LAPTOP-GAUPM6CM" failures="0" tests="3" name="radiocheckwebtables.CheckBox" time="34.358" errors="0" timestamp="2025-03-15T19:54:39 IST" skipped="0">
  <testcase classname="radiocheckwebtables.CheckBox" name="checkBoxTest2" time="12.026"/>
  <system-out/>
  <testcase classname="radiocheckwebtables.CheckBox" name="checkBoxTest3" time="14.112"/>
  <system-out/>
  <testcase classname="radiocheckwebtables.CheckBox" name="checkBoxTest1" time="8.220"/>
  <system-out/>
</testsuite> <!-- radiocheckwebtables.CheckBox -->
