<?xml version="1.0" encoding="UTF-8"?>
<!-- Generated by org.testng.reporters.JUnitReportReporter -->
<testsuite hostname="LAPTOP-GAUPM6CM" failures="0" tests="1" name="extratopics.AuthenticationPopUpHandling" time="13.550" errors="0" timestamp="2025-03-17T20:04:30 IST" skipped="0">
  <testcase classname="extratopics.AuthenticationPopUpHandling" name="popUpTest" time="13.550"/>
  <system-out/>
</testsuite> <!-- extratopics.AuthenticationPopUpHandling -->
