<?xml version="1.0" encoding="UTF-8"?>
<!-- Generated by org.testng.reporters.JUnitReportReporter -->
<testsuite hostname="LAPTOP-GAUPM6CM" failures="0" tests="1" name="assignments.DragAndDrop" time="15.407" errors="0" timestamp="2025-03-11T19:31:16 IST" skipped="0">
  <testcase classname="assignments.DragAndDrop" name="dragAndDropTest" time="15.407"/>
  <system-out/>
</testsuite> <!-- assignments.DragAndDrop -->
